<?xml version="1.0" encoding="UTF-8"?>
<!-- Generated by org.testng.reporters.JUnitReportReporter -->
<testsuite hostname="DESKTOP-CBAH624" failures="0" tests="1" name="Test1" time="27.675" errors="0" timestamp="2023-10-17T22:47:16 IST" skipped="0">
  <testcase classname="Test1" name="testEmployeesWithAgeAndSalary" time="27.675"/>
  <system-out/>
</testsuite> <!-- Test1 -->
